Exception 0xC0020001
EAX=0x0058E30C	EBX=0x0069D768	ECX=0x00000001	EDX=0x00000000	ESI=0x0058E3D8
EDI=0x060696A0	EBP=0x0058E35C	ESP=0x0058E30C	EIP=0x76B8C54F	FLG=0x00200206
CS=0x0023	DS=0x002B	SS=0x002B	ES=0x002B	FS=0x0053	GS=0x002B
Code Bytes:
C9 C2 10 00 CC CC CC CC CC 8B FF 55 8B EC 56 8B 75 08 83 FE F4 72 18 83 FE F6 77 13 8D 45 08 50 6A 00 56 E8 DD 02 00 00 85 C0 74 03 8B 75 08 56 FF 15 
@rltv@ KERNELBASE.dll C54F RaiseException (0x76B8C54F)
@rltv@ mscorwks.dll 24F75B GetAddrOfContractShutoffFlag (0x6F45F75B)
@rltv@ mscorwks.dll 1DE935 LogHelp_NoGuiOnAssert (0x6F3EE935)
@rltv@ mscorwks.dll 1AAA  (0x6F211AAA)
basic.cpp(38): CObjectBase::ReleaseObj (0x66FDE994)
crtdll.c(449): _CRT_INIT (0x674085C8)
crtdll.c(560): __DllMainCRTStartup (0x674086E7)
crtdll.c(510): _DllMainCRTStartup (0x67408764)
@rltv@ ntdll.dll 39344 RtlQueryEnvironmentVariable (0x77009344)
@rltv@ ntdll.dll 58F08 LdrShutdownProcess (0x77028F08)
@rltv@ ntdll.dll 58DAA RtlExitUserProcess (0x77028DAA)
@rltv@ KERNEL32.dll 179C5 ExitProcess (0x762079C5)
@rltv@ mscorwks.dll 16AA72 CorDllMain (0x6F37AA72)
@rltv@ mscorwks.dll 133864 CorExeMain (0x6F343864)
@rltv@ mscorlib.ni.dll 684E90  (0x6D334E90)
@rltv@ System.Windows.Forms.ni.dll 71FA1D  (0x6C03FA1D)
@rltv@ System.Windows.Forms.ni.dll 728386  (0x6C048386)
@rltv@ System.Windows.Forms.ni.dll 72AE0C  (0x6C04AE0C)
@rltv@ USER32.dll 162FA gapfnScSendMessage (0x75CD62FA)
@rltv@ USER32.dll 16D3A GetThreadDesktop (0x75CD6D3A)
@rltv@ USER32.dll 177C4 CharPrevW (0x75CD77C4)
@rltv@ USER32.dll 1788A DispatchMessageW (0x75CD788A)
@rltv@ System.Windows.Forms.ni.dll 208C8E  (0x6BB28C8E)
@rltv@ System.Windows.Forms.ni.dll 208C8E  (0x6BB28C8E)
@rltv@ System.Windows.Forms.ni.dll 208E08  (0x6BB28E08)
@rltv@ System.Windows.Forms.ni.dll 2088F7  (0x6BB288F7)
@rltv@ System.Windows.Forms.ni.dll 2088F7  (0x6BB288F7)
@rltv@ System.Windows.Forms.ni.dll 208741  (0x6BB28741)
@rltv@ System.Windows.Forms.ni.dll 1C5911  (0x6BAE5911)
@rltv@ mscorwks.dll 1B6C  (0x6F211B6C)
@rltv@ mscorwks.dll 1859B  (0x6F22859B)
@rltv@ mscorwks.dll 2063B  (0x6F23063B)
@rltv@ mscorwks.dll 2066E  (0x6F23066E)
@rltv@ mscorwks.dll 2068C  (0x6F23068C)
@rltv@ mscorwks.dll E898C NGenCreateNGenWorker (0x6F2F898C)
@rltv@ mscorwks.dll 132F75 CorExitProcess (0x6F342F75)
@rltv@ mscorwks.dll 133492 CorExitProcess (0x6F343492)
@rltv@ mscorwks.dll 13367C CorExeMain (0x6F34367C)
@rltv@ mscorwks.dll 1335AC CorExeMain (0x6F3435AC)
@rltv@ mscoreei.dll D6EB CorExeMain (0x7071D6EB)
@rltv@ MSCOREE.DLL 7F16 CreateConfigStream (0x70797F16)
@rltv@ MSCOREE.DLL 4DE3 CorExeMain (0x70794DE3)
@rltv@ ntdll.dll 398F2 RtlInitializeExceptionChain (0x770098F2)
@rltv@ ntdll.dll 398C5 RtlInitializeExceptionChain (0x770098C5)
