The thread tried to read from or write to a virtual address for which it does not have the appropriate access.
EAX=0x00000000	EBX=0x1AD288C4	ECX=0x00000000	EDX=0x0FD6BB30	ESI=0x00000000
EDI=0x033331F4	EBP=0x0020D420	ESP=0x0020D418	EIP=0x1098FAD8	FLG=0x00210246
CS=0x0023	DS=0x002B	SS=0x002B	ES=0x002B	FS=0x0053	GS=0x002B
Code Bytes:
39 09 E8 9D 22 4A 5C 6A 00 8B C8 8B 15 2C 3F 5A 03 FF 15 80 CA 46 00 85 C0 75 4D BA 01 00 00 00 B9 BE 3F CB 6C E8 3E 26 77 EF 89 45 F8 8B CE E8 70 22 
@rltv@ zlib1.dll 98FAD8  (0x1098FAD8)
@rltv@ cudart32_40_17.dll 1A2056A  (0x0E84056A)
@rltv@ cudart32_40_17.dll 1A211D9  (0x0E8411D9)
@rltv@ cudart32_40_17.dll 1A2083B  (0x0E84083B)
@rltv@ cudart32_40_17.dll 1A20A65  (0x0E840A65)
@rltv@ cudart32_40_17.dll 1A207D2  (0x0E8407D2)
@rltv@ System.Windows.Forms.ni.dll 7F0428  (0x6C110428)
@rltv@ System.Windows.Forms.ni.dll A5528F  (0x6C37528F)
@rltv@ System.Windows.Forms.ni.dll 756904  (0x6C076904)
@rltv@ System.Windows.Forms.ni.dll 71E15B  (0x6C03E15B)
@rltv@ System.Windows.Forms.ni.dll 71F9F6  (0x6C03F9F6)
@rltv@ System.Windows.Forms.ni.dll 728386  (0x6C048386)
@rltv@ System.Windows.Forms.ni.dll 72AE0C  (0x6C04AE0C)
@rltv@ USER32.dll 162FA gapfnScSendMessage (0x75CD62FA)
@rltv@ USER32.dll 16D3A GetThreadDesktop (0x75CD6D3A)
@rltv@ USER32.dll 20D3F GetClientRect (0x75CE0D3F)
@rltv@ USER32.dll 20D65 CallWindowProcW (0x75CE0D65)
@rltv@ comctl32.dll 2F453 DPA_Sort (0x7174F453)
@rltv@ comctl32.dll 2F5FE DefSubclassProc (0x7174F5FE)
@rltv@ comctl32.dll 2F5B2 DefSubclassProc (0x7174F5B2)
@rltv@ comctl32.dll 2B65F ImageList_GetIcon (0x7174B65F)
@rltv@ comctl32.dll 2F5FE DefSubclassProc (0x7174F5FE)
@rltv@ comctl32.dll 2F4A0 DPA_Sort (0x7174F4A0)
@rltv@ USER32.dll 162FA gapfnScSendMessage (0x75CD62FA)
@rltv@ USER32.dll 16D3A GetThreadDesktop (0x75CD6D3A)
@rltv@ USER32.dll 177C4 CharPrevW (0x75CD77C4)
@rltv@ USER32.dll 1788A DispatchMessageW (0x75CD788A)
@rltv@ System.Windows.Forms.ni.dll 208C8E  (0x6BB28C8E)
@rltv@ System.Windows.Forms.ni.dll 208C8E  (0x6BB28C8E)
@rltv@ System.Windows.Forms.ni.dll 208E08  (0x6BB28E08)
@rltv@ System.Windows.Forms.ni.dll 2088F7  (0x6BB288F7)
@rltv@ System.Windows.Forms.ni.dll 2088F7  (0x6BB288F7)
@rltv@ System.Windows.Forms.ni.dll 208741  (0x6BB28741)
@rltv@ System.Windows.Forms.ni.dll 1C5911  (0x6BAE5911)
@rltv@ mscorwks.dll 1B6C  (0x6F211B6C)
@rltv@ mscorwks.dll 1859B  (0x6F22859B)
@rltv@ mscorwks.dll 2063B  (0x6F23063B)
@rltv@ mscorwks.dll 2066E  (0x6F23066E)
@rltv@ mscorwks.dll 2068C  (0x6F23068C)
@rltv@ mscorwks.dll E898C NGenCreateNGenWorker (0x6F2F898C)
@rltv@ mscorwks.dll 132F75 CorExitProcess (0x6F342F75)
@rltv@ mscorwks.dll 133492 CorExitProcess (0x6F343492)
@rltv@ mscorwks.dll 13367C CorExeMain (0x6F34367C)
@rltv@ mscorwks.dll 1335AC CorExeMain (0x6F3435AC)
@rltv@ mscoreei.dll D6EB CorExeMain (0x7071D6EB)
@rltv@ MSCOREE.DLL 7F16 CreateConfigStream (0x70797F16)
@rltv@ MSCOREE.DLL 4DE3 CorExeMain (0x70794DE3)
@rltv@ ntdll.dll 398F2 RtlInitializeExceptionChain (0x770098F2)
@rltv@ ntdll.dll 398C5 RtlInitializeExceptionChain (0x770098C5)
